#
# There is insufficient memory for the Java Runtime Environment to continue.
# Native memory allocation (malloc) failed to allocate 1048576 bytes for AllocateHeap
# Possible reasons:
#   The system is out of physical RAM or swap space
#   In 32 bit mode, the process size limit was hit
# Possible solutions:
#   Reduce memory load on the system
#   Increase physical memory or swap space
#   Check if swap backing store is full
#   Use 64 bit Java on a 64 bit OS
#   Decrease Java heap size (-Xmx/-Xms)
#   Decrease number of Java threads
#   Decrease Java thread stack sizes (-Xss)
#   Set larger code cache with -XX:ReservedCodeCacheSize=
# This output file may be truncated or incomplete.
#
#  Out of Memory Error (memory/allocation.inline.hpp:61), pid=17196, tid=19276
#
# JRE version:  (8.0_45-b14) (build )
# Java VM: Java HotSpot(TM) 64-Bit Server VM (25.45-b02 mixed mode windows-amd64 compressed oops)
# Failed to write core dump. Minidumps are not enabled by default on client versions of Windows
#

---------------  T H R E A D  ---------------

Current thread (0x0000000002b40800):  JavaThread "Unknown thread" [_thread_in_vm, id=19276, stack(0x0000000001280000,0x0000000001380000)]

Stack: [0x0000000001280000,0x0000000001380000]
Native frames: (J=compiled Java code, j=interpreted, Vv=VM code, C=native code)
V  [jvm.dll+0x32b57a]
V  [jvm.dll+0x279873]
V  [jvm.dll+0x27a509]
V  [jvm.dll+0x271825]
V  [jvm.dll+0x1606]
V  [jvm.dll+0x3f7fb2]
V  [jvm.dll+0x3f898f]
V  [jvm.dll+0x3f8a5d]
V  [jvm.dll+0x3f8c26]
V  [jvm.dll+0xf2cf2]
V  [jvm.dll+0x20f0c9]
V  [jvm.dll+0x240e0a]
V  [jvm.dll+0x15ba41]
C  [javaw.exe+0x217e]
C  [javaw.exe+0xcd17]
C  [javaw.exe+0xcdab]
C  [KERNEL32.DLL+0x17c24]
C  [ntdll.dll+0x6d4d1]


---------------  P R O C E S S  ---------------

Java Threads: ( => current thread )

Other Threads:

=>0x0000000002b40800 (exited) JavaThread "Unknown thread" [_thread_in_vm, id=19276, stack(0x0000000001280000,0x0000000001380000)]

VM state:not at safepoint (normal execution)

VM Mutex/Monitor currently owned by a thread: None

Heap:
 PSYoungGen      total 37888K, used 655K [0x00000000d6100000, 0x00000000d8b00000, 0x0000000100000000)
  eden space 32768K, 2% used [0x00000000d6100000,0x00000000d61a3d80,0x00000000d8100000)
  from space 5120K, 0% used [0x00000000d8600000,0x00000000d8600000,0x00000000d8b00000)
  to   space 5120K, 0% used [0x00000000d8100000,0x00000000d8100000,0x00000000d8600000)
 ParOldGen       total 86016K, used 0K [0x0000000082200000, 0x0000000087600000, 0x00000000d6100000)
  object space 86016K, 0% used [0x0000000082200000,0x0000000082200000,0x0000000087600000)
 Metaspace       used 742K, capacity 4480K, committed 4480K, reserved 1056768K
  class space    used 75K, capacity 384K, committed 384K, reserved 1048576K

Card table byte_map: [0x0000000012220000,0x0000000012610000] byte_map_base: 0x0000000011e0f000

Marking Bits: (ParMarkBitMap*) 0x0000000068284040
 Begin Bits: [0x0000000012bb0000, 0x0000000014b28000)
 End Bits:   [0x0000000014b28000, 0x0000000016aa0000)

Polling page: 0x0000000001060000

CodeCache: size=245760Kb used=328Kb max_used=328Kb free=245431Kb
 bounds [0x0000000002e60000, 0x00000000030d0000, 0x0000000011e60000]
 total_blobs=57 nmethods=0 adapters=37
 compilation: enabled

Compilation events (0 events):
No events

GC Heap History (0 events):
No events

Deoptimization events (0 events):
No events

Internal exceptions (0 events):
No events

Events (10 events):
Event: 0.034 loading class java/lang/Short
Event: 0.034 loading class java/lang/Short done
Event: 0.034 loading class java/lang/Integer
Event: 0.035 loading class java/lang/Integer done
Event: 0.035 loading class java/lang/Long
Event: 0.035 loading class java/lang/Long done
Event: 0.035 loading class java/lang/NullPointerException
Event: 0.035 loading class java/lang/NullPointerException done
Event: 0.035 loading class java/lang/ArithmeticException
Event: 0.035 loading class java/lang/ArithmeticException done


Dynamic libraries:
0x00007ff7aabf0000 - 0x00007ff7aac27000 	C:\Program Files\Java\jre1.8.0_45\bin\javaw.exe
0x00007ffeafa80000 - 0x00007ffeafc70000 	C:\WINDOWS\SYSTEM32\ntdll.dll
0x00007ffe8feb0000 - 0x00007ffe8fec2000 	C:\Program Files\AVAST Software\Avast\aswhook.dll
0x00007ffeae850000 - 0x00007ffeae902000 	C:\WINDOWS\System32\KERNEL32.DLL
0x00007ffead780000 - 0x00007ffeada25000 	C:\WINDOWS\System32\KERNELBASE.dll
0x00007ffeae190000 - 0x00007ffeae233000 	C:\WINDOWS\System32\ADVAPI32.dll
0x00007ffeaf1e0000 - 0x00007ffeaf27e000 	C:\WINDOWS\System32\msvcrt.dll
0x00007ffeaf9a0000 - 0x00007ffeafa37000 	C:\WINDOWS\System32\sechost.dll
0x00007ffeae070000 - 0x00007ffeae190000 	C:\WINDOWS\System32\RPCRT4.dll
0x00007ffeaded0000 - 0x00007ffeae064000 	C:\WINDOWS\System32\USER32.dll
0x00007ffead590000 - 0x00007ffead5b1000 	C:\WINDOWS\System32\win32u.dll
0x00007ffeaf1b0000 - 0x00007ffeaf1d6000 	C:\WINDOWS\System32\GDI32.dll
0x00007ffeaca00000 - 0x00007ffeacb96000 	C:\WINDOWS\System32\gdi32full.dll
0x00007ffead5c0000 - 0x00007ffead65e000 	C:\WINDOWS\System32\msvcp_win.dll
0x00007ffead660000 - 0x00007ffead75a000 	C:\WINDOWS\System32\ucrtbase.dll
0x00007ffe94150000 - 0x00007ffe943d4000 	C:\WINDOWS\WinSxS\amd64_microsoft.windows.common-controls_6595b64144ccf1df_6.0.18362.1198_none_9e820b57e45ad92f\COMCTL32.dll
0x00007ffeae380000 - 0x00007ffeae6b5000 	C:\WINDOWS\System32\combase.dll
0x00007ffead4e0000 - 0x00007ffead560000 	C:\WINDOWS\System32\bcryptPrimitives.dll
0x00007ffeadcf0000 - 0x00007ffeadd1e000 	C:\WINDOWS\System32\IMM32.DLL
0x00000000677f0000 - 0x00000000678c2000 	C:\Program Files\Java\jre1.8.0_45\bin\msvcr100.dll
0x0000000067a80000 - 0x0000000068303000 	C:\Program Files\Java\jre1.8.0_45\bin\server\jvm.dll
0x00007ffeadb30000 - 0x00007ffeadb38000 	C:\WINDOWS\System32\PSAPI.DLL
0x00007ffe9d150000 - 0x00007ffe9d159000 	C:\WINDOWS\SYSTEM32\WSOCK32.dll
0x00007ffeaea50000 - 0x00007ffeaeabf000 	C:\WINDOWS\System32\WS2_32.dll
0x00007ffea9080000 - 0x00007ffea90a4000 	C:\WINDOWS\SYSTEM32\WINMM.dll
0x00007ffe9faf0000 - 0x00007ffe9fafa000 	C:\WINDOWS\SYSTEM32\VERSION.dll
0x00007ffea9050000 - 0x00007ffea907d000 	C:\WINDOWS\SYSTEM32\WINMMBASE.dll
0x00007ffeada30000 - 0x00007ffeada7a000 	C:\WINDOWS\System32\cfgmgr32.dll
0x0000000067990000 - 0x000000006799f000 	C:\Program Files\Java\jre1.8.0_45\bin\verify.dll
0x0000000067960000 - 0x0000000067989000 	C:\Program Files\Java\jre1.8.0_45\bin\java.dll
0x0000000067940000 - 0x0000000067956000 	C:\Program Files\Java\jre1.8.0_45\bin\zip.dll
0x00007ffeab220000 - 0x00007ffeab414000 	C:\WINDOWS\SYSTEM32\dbghelp.dll

VM Arguments:
jvm_args: -Dfile.encoding=Cp1252 
java_command: rpg.Main
java_class_path (initial): C:\Users\lucas\eclipse-workspace\rpg\bin
Launcher Type: SUN_STANDARD

Environment Variables:
PATH=C:/Program Files/Java/jre1.8.0_45/bin/server;C:/Program Files/Java/jre1.8.0_45/bin;C:/Program Files/Java/jre1.8.0_45/lib/amd64;C:\Program Files (x86)\Razer\ChromaBroadcast\bin;C:\Program Files\Razer\ChromaBroadcast\bin;C:\ProgramData\Oracle\Java\javapath;C:\Program Files (x86)\Intel\iCLS Client\;C:\Program Files\Intel\iCLS Client\;C:\WINDOWS\system32;C:\WINDOWS;C:\WINDOWS\System32\Wbem;C:\WINDOWS\System32\WindowsPowerShell\v1.0\;C:\WINDOWS\System32\OpenSSH\;C:\Program Files (x86)\Intel\Intel(R) Management Engine Components\DAL;C:\Program Files\Intel\Intel(R) Management Engine Components\DAL;C:\Program Files (x86)\Intel\Intel(R) Management Engine Components\IPT;C:\Program Files\Intel\Intel(R) Management Engine Components\IPT;C:\Users\lucas\AppData\Local\Microsoft\WindowsApps;C:\Users\lucas\AppData\Local\Programs\Python\Python37-32;C:\Users\lucas\AppData\Local\Programs\Python\Python37-32\Scripts;C:\Program Files\Microsoft SQL Server\130\Tools\Binn\;C:\WINDOWS\system32;C:\WINDOWS;C:\WINDOWS\System32\Wbem;C:\WINDOWS\System32\WindowsPowerShell\v1.0\;C:\WINDOWS\System32\OpenSSH\;C:\Program Files\Git\cmd;C:\Users\lucas\AppData\Local\Microsoft\WindowsApps;C:\Users\lucas\AppData\Local\Programs\Python\Python37-32;C:\Users\lucas\AppData\Local\Programs\Python\Python37-32\Scripts;C:\Program Files (x86)\Nmap;C:\WINDOWS\System32;
USERNAME=lucas
OS=Windows_NT
PROCESSOR_IDENTIFIER=Intel64 Family 6 Model 142 Stepping 9, GenuineIntel



---------------  S Y S T E M  ---------------

OS: Windows 10.0 , 64 bit Build 18362 (10.0.18362.1110)

CPU:total 4 (2 cores per cpu, 2 threads per core) family 6 model 142 stepping 9, cmov, cx8, fxsr, mmx, sse, sse2, sse3, ssse3, sse4.1, sse4.2, popcnt, avx, avx2, aes, clmul, erms, 3dnowpref, lzcnt, ht, tsc, tscinvbit, bmi1, bmi2, adx

Memory: 4k page, physical 8246352k(2000816k free), swap 23737720k(4324k free)

vm_info: Java HotSpot(TM) 64-Bit Server VM (25.45-b02) for windows-amd64 JRE (1.8.0_45-b14), built on Apr 10 2015 10:34:15 by "java_re" with MS VC++ 10.0 (VS2010)

time: Tue Dec 08 16:46:34 2020
elapsed time: 0 seconds (0d 0h 0m 0s)

